<?xml version="1.0" encoding="UTF-8"?>
<testng-results skipped="0" failed="0" total="1" passed="1">
  <reporter-output>
  </reporter-output>
  <suite name="Default suite" duration-ms="137890" started-at="2018-01-26T07:59:29Z" finished-at="2018-01-26T08:01:47Z">
    <groups>
    </groups>
    <test name="Default test" duration-ms="137890" started-at="2018-01-26T07:59:29Z" finished-at="2018-01-26T08:01:47Z">
      <class name="TestHIS.TestFormDanhSachBenhNhan">
        <test-method status="PASS" signature="dieukienDauTien()[pri:0, instance:TestHIS.TestFormDanhSachBenhNhan@bd8db5a]" name="dieukienDauTien" is-config="true" duration-ms="42274" started-at="2018-01-26T14:59:29Z" finished-at="2018-01-26T15:00:12Z">
          <reporter-output>
          </reporter-output>
        </test-method> <!-- dieukienDauTien -->
        <test-method status="PASS" signature="DanhSachBenhNhan_9880_3()[pri:1, instance:TestHIS.TestFormDanhSachBenhNhan@bd8db5a]" name="DanhSachBenhNhan_9880_3" duration-ms="89005" started-at="2018-01-26T15:00:12Z" finished-at="2018-01-26T15:01:41Z">
          <reporter-output>
          </reporter-output>
        </test-method> <!-- DanhSachBenhNhan_9880_3 -->
        <test-method status="PASS" signature="ketThucLuong()[pri:0, instance:TestHIS.TestFormDanhSachBenhNhan@bd8db5a]" name="ketThucLuong" is-config="true" duration-ms="6595" started-at="2018-01-26T15:01:41Z" finished-at="2018-01-26T15:01:47Z">
          <reporter-output>
          </reporter-output>
        </test-method> <!-- ketThucLuong -->
      </class> <!-- TestHIS.TestFormDanhSachBenhNhan -->
    </test> <!-- Default test -->
  </suite> <!-- Default suite -->
</testng-results>
