<?xml version="1.0" encoding="UTF-8"?>
<!-- Generated by org.testng.reporters.JUnitXMLReporter -->
<testsuite hostname="NVHA" name="Sikuli HIS2" tests="7" failures="1" timestamp="29 Nov 2017 09:37:28 GMT" time="333.72" errors="0">
  <testcase name="TestLuongTiepNhanBenhNhanDichVu_ThuTienSau_1" time="62.108" classname="TestHIS.TestLuongTiepNhanBNDichVu_ThuTienSau_KhongCLS">
    <failure type="java.lang.AssertionError" message="Tiếp nhận Bệnh nhân không thành công !">
      <![CDATA[java.lang.AssertionError: Tiếp nhận Bệnh nhân không thành công !
	at desktop_Framework.CommonActions.setTestcaseStatus(CommonActions.java:542)
	at TestHIS.TestLuongTiepNhanBNDichVu_ThuTienSau_KhongCLS.TestLuongTiepNhanBenhNhanDichVu_ThuTienSau_1(TestLuongTiepNhanBNDichVu_ThuTienSau_KhongCLS.java:144)
	at java.util.concurrent.FutureTask.run(Unknown Source)
	at java.util.concurrent.ThreadPoolExecutor.runWorker(Unknown Source)
	at java.util.concurrent.ThreadPoolExecutor$Worker.run(Unknown Source)
	at java.lang.Thread.run(Unknown Source)
... Removed 17 stack frames]]>
    </failure>
  </testcase> <!-- TestLuongTiepNhanBenhNhanDichVu_ThuTienSau_1 -->
  <testcase name="TestLuongTiepNhanBenhNhanDichVu_ThuTienSau_2" time="92.452" classname="TestHIS.TestLuongTiepNhanBNDichVu_ThuTienSau_KhongCLS"/>
  <testcase name="TestLuongTiepNhanBenhNhanDichVu_ThuTienSau_3" time="32.063" classname="TestHIS.TestLuongTiepNhanBNDichVu_ThuTienSau_KhongCLS"/>
  <testcase name="TestLuongTiepNhanBenhNhanDichVu_ThuTienSau_4" time="29.419" classname="TestHIS.TestLuongTiepNhanBNDichVu_ThuTienSau_KhongCLS"/>
  <testcase name="TestLuongTiepNhanBenhNhanDichVu_ThuTienSau_5" time="16.132" classname="TestHIS.TestLuongTiepNhanBNDichVu_ThuTienSau_KhongCLS"/>
  <testcase name="TestLuongTiepNhanBenhNhanDichVu_ThuTienSau_6" time="18.74" classname="TestHIS.TestLuongTiepNhanBNDichVu_ThuTienSau_KhongCLS"/>
  <testcase name="TestLuongTiepNhanBenhNhanDichVu_ThuTienSau_7" time="45.766" classname="TestHIS.TestLuongTiepNhanBNDichVu_ThuTienSau_KhongCLS"/>
</testsuite> <!-- Sikuli HIS2 -->
